{
  "stats": {
    "suites": 1,
    "tests": 1,
    "passes": 1,
    "pending": 0,
    "failures": 0,
    "start": "2023-07-11T17:25:55.640Z",
    "end": "2023-07-11T17:26:49.002Z",
    "duration": 53362,
    "testsRegistered": 1,
    "passPercent": 100,
    "pendingPercent": 0,
    "other": 0,
    "hasOther": false,
    "skipped": 0,
    "hasSkipped": false
  },
  "results": [
    {
      "uuid": "22015f74-3fd1-4402-981d-040df29ee144",
      "title": "",
      "fullFile": "cypress\\e2e\\checkout.cy.ts",
      "file": "cypress\\e2e\\checkout.cy.ts",
      "beforeHooks": [],
      "afterHooks": [],
      "tests": [],
      "suites": [
        {
          "uuid": "bfb7e8e3-67d1-4cdc-a474-688ee25756ba",
          "title": "Checkout product Saucedemo",
          "fullFile": "",
          "file": "",
          "beforeHooks": [],
          "afterHooks": [],
          "tests": [
            {
              "title": "Test case untuk checout produk",
              "fullTitle": "Checkout product Saucedemo Test case untuk checout produk",
              "timedOut": null,
              "duration": 40229,
              "state": "passed",
              "speed": "slow",
              "pass": true,
              "fail": false,
              "pending": false,
              "context": null,
              "code": "loginPage.login(URL, 'standard_user', 'secret_sauce');\nloginPage.assertLogin();\ndashboardPage.iconCartToClick();\ncartPage.btnCheckout();\ncheckoutInformation.formInformationCheckout('Devy Nur Sadiah', 'Rumahku', '12345');\ncheckoutOverview.checkOverviewCheckout();\ncheckoutComplete.checkOverviewCheckout();",
              "err": {},
              "uuid": "ca3cd1d2-98f4-4726-b50e-81905688f72d",
              "parentUUID": "bfb7e8e3-67d1-4cdc-a474-688ee25756ba",
              "isHook": false,
              "skipped": false
            }
          ],
          "suites": [],
          "passes": [
            "ca3cd1d2-98f4-4726-b50e-81905688f72d"
          ],
          "failures": [],
          "pending": [],
          "skipped": [],
          "duration": 40229,
          "root": false,
          "rootEmpty": false,
          "_timeout": 2000
        }
      ],
      "passes": [],
      "failures": [],
      "pending": [],
      "skipped": [],
      "duration": 0,
      "root": true,
      "rootEmpty": true,
      "_timeout": 2000
    }
  ],
  "meta": {
    "mocha": {
      "version": "7.0.1"
    },
    "mochawesome": {
      "options": {
        "quiet": false,
        "reportFilename": "mochawesome",
        "saveHtml": false,
        "saveJson": true,
        "consoleReporter": "spec",
        "useInlineDiffs": false,
        "code": true
      },
      "version": "7.1.3"
    },
    "marge": {
      "options": {
        "chart": true,
        "overwrite": false,
        "html": false,
        "json": true,
        "reportDir": "cypress/reports"
      },
      "version": "6.2.0"
    }
  }
}